SF:/home/andy/Documents/MadDrivers/.build/x86_64-unknown-linux-gnu/debug/MadDriversPackageTests.derived/SHT3xTests.swift
FN:6,$s10SHT3xTestsAAC017MadDriversPackageB0E05__allb2__aB033_BA8110364179ED3F9BA3E5A2B5E985A1LLSaySS_yycABctGvpZfiyycABcfu_
FN:6,$s10SHT3xTestsAAC017MadDriversPackageB0E05__allb2__aB033_BA8110364179ED3F9BA3E5A2B5E985A1LLSaySS_yycABctGvpZfiyycABcfu_yycfu0_
FN:7,$s10SHT3xTestsAAC017MadDriversPackageB0E05__allb2__aB033_BA8110364179ED3F9BA3E5A2B5E985A1LLSaySS_yycABctGvpZfiyycABcfu1_
FN:7,$s10SHT3xTestsAAC017MadDriversPackageB0E05__allb2__aB033_BA8110364179ED3F9BA3E5A2B5E985A1LLSaySS_yycABctGvpZfiyycABcfu1_yycfu2_
FN:8,$s10SHT3xTestsAAC017MadDriversPackageB0E05__allb2__aB033_BA8110364179ED3F9BA3E5A2B5E985A1LLSaySS_yycABctGvpZfiyycABcfu3_
FN:8,$s10SHT3xTestsAAC017MadDriversPackageB0E05__allb2__aB033_BA8110364179ED3F9BA3E5A2B5E985A1LLSaySS_yycABctGvpZfiyycABcfu3_yycfu4_
FN:9,$s10SHT3xTestsAAC017MadDriversPackageB0E05__allb2__aB033_BA8110364179ED3F9BA3E5A2B5E985A1LLSaySS_yycABctGvpZfiyycABcfu5_
FN:9,$s10SHT3xTestsAAC017MadDriversPackageB0E05__allb2__aB033_BA8110364179ED3F9BA3E5A2B5E985A1LLSaySS_yycABctGvpZfiyycABcfu5_yycfu6_
FN:10,$s10SHT3xTestsAAC017MadDriversPackageB0E05__allb2__aB033_BA8110364179ED3F9BA3E5A2B5E985A1LLSaySS_yycABctGvpZfiyycABcfu7_
FN:10,$s10SHT3xTestsAAC017MadDriversPackageB0E05__allb2__aB033_BA8110364179ED3F9BA3E5A2B5E985A1LLSaySS_yycABctGvpZfiyycABcfu7_yycfu8_
FN:11,$s10SHT3xTestsAAC017MadDriversPackageB0E05__allb2__aB033_BA8110364179ED3F9BA3E5A2B5E985A1LLSaySS_yycABctGvpZfiyycABcfu9_
FN:11,$s10SHT3xTestsAAC017MadDriversPackageB0E05__allb2__aB033_BA8110364179ED3F9BA3E5A2B5E985A1LLSaySS_yycABctGvpZfiyycABcfu9_yycfu10_
FN:12,$s10SHT3xTestsAAC017MadDriversPackageB0E05__allb2__aB033_BA8110364179ED3F9BA3E5A2B5E985A1LLSaySS_yycABctGvpZfiyycABcfu11_
FN:12,$s10SHT3xTestsAAC017MadDriversPackageB0E05__allb2__aB033_BA8110364179ED3F9BA3E5A2B5E985A1LLSaySS_yycABctGvpZfiyycABcfu11_yycfu12_
FN:13,$s10SHT3xTestsAAC017MadDriversPackageB0E05__allb2__aB033_BA8110364179ED3F9BA3E5A2B5E985A1LLSaySS_yycABctGvpZfiyycABcfu13_
FN:13,$s10SHT3xTestsAAC017MadDriversPackageB0E05__allb2__aB033_BA8110364179ED3F9BA3E5A2B5E985A1LLSaySS_yycABctGvpZfiyycABcfu13_yycfu14_
FN:16,$s22MadDriversPackageTests05__alld6_SHT3xD0Say6XCTest0G4CaseCm04testH5Class_SaySS_yAEKctG0eD0tGyF
FNDA:1,$s10SHT3xTestsAAC017MadDriversPackageB0E05__allb2__aB033_BA8110364179ED3F9BA3E5A2B5E985A1LLSaySS_yycABctGvpZfiyycABcfu_
FNDA:1,$s10SHT3xTestsAAC017MadDriversPackageB0E05__allb2__aB033_BA8110364179ED3F9BA3E5A2B5E985A1LLSaySS_yycABctGvpZfiyycABcfu_yycfu0_
FNDA:1,$s10SHT3xTestsAAC017MadDriversPackageB0E05__allb2__aB033_BA8110364179ED3F9BA3E5A2B5E985A1LLSaySS_yycABctGvpZfiyycABcfu1_
FNDA:1,$s10SHT3xTestsAAC017MadDriversPackageB0E05__allb2__aB033_BA8110364179ED3F9BA3E5A2B5E985A1LLSaySS_yycABctGvpZfiyycABcfu1_yycfu2_
FNDA:1,$s10SHT3xTestsAAC017MadDriversPackageB0E05__allb2__aB033_BA8110364179ED3F9BA3E5A2B5E985A1LLSaySS_yycABctGvpZfiyycABcfu3_
FNDA:1,$s10SHT3xTestsAAC017MadDriversPackageB0E05__allb2__aB033_BA8110364179ED3F9BA3E5A2B5E985A1LLSaySS_yycABctGvpZfiyycABcfu3_yycfu4_
FNDA:1,$s10SHT3xTestsAAC017MadDriversPackageB0E05__allb2__aB033_BA8110364179ED3F9BA3E5A2B5E985A1LLSaySS_yycABctGvpZfiyycABcfu5_
FNDA:1,$s10SHT3xTestsAAC017MadDriversPackageB0E05__allb2__aB033_BA8110364179ED3F9BA3E5A2B5E985A1LLSaySS_yycABctGvpZfiyycABcfu5_yycfu6_
FNDA:1,$s10SHT3xTestsAAC017MadDriversPackageB0E05__allb2__aB033_BA8110364179ED3F9BA3E5A2B5E985A1LLSaySS_yycABctGvpZfiyycABcfu7_
FNDA:1,$s10SHT3xTestsAAC017MadDriversPackageB0E05__allb2__aB033_BA8110364179ED3F9BA3E5A2B5E985A1LLSaySS_yycABctGvpZfiyycABcfu7_yycfu8_
FNDA:1,$s10SHT3xTestsAAC017MadDriversPackageB0E05__allb2__aB033_BA8110364179ED3F9BA3E5A2B5E985A1LLSaySS_yycABctGvpZfiyycABcfu9_
FNDA:1,$s10SHT3xTestsAAC017MadDriversPackageB0E05__allb2__aB033_BA8110364179ED3F9BA3E5A2B5E985A1LLSaySS_yycABctGvpZfiyycABcfu9_yycfu10_
FNDA:1,$s10SHT3xTestsAAC017MadDriversPackageB0E05__allb2__aB033_BA8110364179ED3F9BA3E5A2B5E985A1LLSaySS_yycABctGvpZfiyycABcfu11_
FNDA:1,$s10SHT3xTestsAAC017MadDriversPackageB0E05__allb2__aB033_BA8110364179ED3F9BA3E5A2B5E985A1LLSaySS_yycABctGvpZfiyycABcfu11_yycfu12_
FNDA:1,$s10SHT3xTestsAAC017MadDriversPackageB0E05__allb2__aB033_BA8110364179ED3F9BA3E5A2B5E985A1LLSaySS_yycABctGvpZfiyycABcfu13_
FNDA:1,$s10SHT3xTestsAAC017MadDriversPackageB0E05__allb2__aB033_BA8110364179ED3F9BA3E5A2B5E985A1LLSaySS_yycABctGvpZfiyycABcfu13_yycfu14_
FNDA:1,$s22MadDriversPackageTests05__alld6_SHT3xD0Say6XCTest0G4CaseCm04testH5Class_SaySS_yAEKctG0eD0tGyF
FNF:9
FNH:9
DA:6,2
DA:7,2
DA:8,2
DA:9,2
DA:10,2
DA:11,2
DA:12,2
DA:13,2
DA:16,1
DA:17,1
DA:18,1
DA:19,1
DA:20,1
LF:13
LH:13
end_of_record
SF:/home/andy/Documents/MadDrivers/.build/x86_64-unknown-linux-gnu/debug/MadDriversPackageTests.derived/main.swift
FN:3,__tlcd_line:3:1
FN:4,__tlcd_line:4:1
FN:6,__tlcd_line:6:1
FNDA:1,__tlcd_line:3:1
FNDA:1,__tlcd_line:4:1
FNDA:1,__tlcd_line:6:1
FNF:3
FNH:3
DA:3,1
DA:4,1
DA:6,1
LF:3
LH:3
end_of_record
SF:/home/andy/Documents/MadDrivers/Packages/SwiftIO/Sources/SwiftIO/DigitalIn.swift
FN:43,$s7SwiftIO9DigitalInC13alwaysSuccesss6ResultOyytAA5ErrnoVGvpfi
FN:46,$s7SwiftIO9DigitalInC14interruptState33_4D80B75DC91372A9A5B08B38821E6E5ELLAC09InterruptF0Ovpfi
FN:50,$s7SwiftIO9DigitalInC10expectReadSaySbGvpfi
FN:51,$s7SwiftIO9DigitalInC10expectReadSaySbGvw
FN:76,$s7SwiftIO9DigitalInC_4modeAcA6IdName_p_AC4ModeOtcfc
FN:83,$s7SwiftIO9DigitalInCfD
FN:94,$s7SwiftIO9DigitalInC7getModeAC0F0OyF
FN:104,$s7SwiftIO9DigitalInC7setModeys6ResultOyytAA5ErrnoVGAC0F0OF
FN:129,$s7SwiftIO9DigitalInC4readSbyF
FN:161,$s7SwiftIO9DigitalInC12setInterrupt_6enable8callbacks6ResultOyytAA5ErrnoVGAC0F4ModeO_SbyyctF
FN:205,$s7SwiftIO9DigitalInC15enableInterrupts6ResultOyytAA5ErrnoVGyF
FN:224,$s7SwiftIO9DigitalInC16disableInterrupts6ResultOyytAA5ErrnoVGyF
FN:237,$s7SwiftIO9DigitalInC17getInterruptStateAC0fG0OyF
FN:246,$s7SwiftIO9DigitalInC15removeInterrupts6ResultOyytAA5ErrnoVGyF
FNDA:0,$s7SwiftIO9DigitalInC13alwaysSuccesss6ResultOyytAA5ErrnoVGvpfi
FNDA:0,$s7SwiftIO9DigitalInC14interruptState33_4D80B75DC91372A9A5B08B38821E6E5ELLAC09InterruptF0Ovpfi
FNDA:0,$s7SwiftIO9DigitalInC10expectReadSaySbGvpfi
FNDA:0,$s7SwiftIO9DigitalInC10expectReadSaySbGvw
FNDA:0,$s7SwiftIO9DigitalInC_4modeAcA6IdName_p_AC4ModeOtcfc
FNDA:0,$s7SwiftIO9DigitalInCfD
FNDA:0,$s7SwiftIO9DigitalInC7getModeAC0F0OyF
FNDA:0,$s7SwiftIO9DigitalInC7setModeys6ResultOyytAA5ErrnoVGAC0F0OF
FNDA:0,$s7SwiftIO9DigitalInC4readSbyF
FNDA:0,$s7SwiftIO9DigitalInC12setInterrupt_6enable8callbacks6ResultOyytAA5ErrnoVGAC0F4ModeO_SbyyctF
FNDA:0,$s7SwiftIO9DigitalInC15enableInterrupts6ResultOyytAA5ErrnoVGyF
FNDA:0,$s7SwiftIO9DigitalInC16disableInterrupts6ResultOyytAA5ErrnoVGyF
FNDA:0,$s7SwiftIO9DigitalInC17getInterruptStateAC0fG0OyF
FNDA:0,$s7SwiftIO9DigitalInC15removeInterrupts6ResultOyytAA5ErrnoVGyF
FNF:14
FNH:0
DA:43,0
DA:46,0
DA:50,0
DA:51,0
DA:52,0
DA:53,0
DA:76,0
DA:77,0
DA:78,0
DA:79,0
DA:80,0
DA:81,0
DA:83,0
DA:84,0
DA:85,0
DA:86,0
DA:87,0
DA:94,0
DA:95,0
DA:96,0
DA:104,0
DA:105,0
DA:106,0
DA:107,0
DA:108,0
DA:109,0
DA:110,0
DA:111,0
DA:112,0
DA:113,0
DA:114,0
DA:115,0
DA:116,0
DA:129,0
DA:130,0
DA:131,0
DA:132,0
DA:133,0
DA:134,0
DA:135,0
DA:136,0
DA:137,0
DA:138,0
DA:139,0
DA:140,0
DA:141,0
DA:161,0
DA:162,0
DA:163,0
DA:164,0
DA:165,0
DA:166,0
DA:167,0
DA:168,0
DA:169,0
DA:170,0
DA:171,0
DA:172,0
DA:173,0
DA:174,0
DA:175,0
DA:176,0
DA:177,0
DA:178,0
DA:179,0
DA:180,0
DA:181,0
DA:182,0
DA:183,0
DA:184,0
DA:185,0
DA:186,0
DA:187,0
DA:188,0
DA:189,0
DA:190,0
DA:191,0
DA:192,0
DA:193,0
DA:194,0
DA:195,0
DA:196,0
DA:197,0
DA:198,0
DA:205,0
DA:206,0
DA:207,0
DA:208,0
DA:209,0
DA:210,0
DA:211,0
DA:212,0
DA:213,0
DA:214,0
DA:215,0
DA:216,0
DA:217,0
DA:224,0
DA:225,0
DA:226,0
DA:227,0
DA:228,0
DA:229,0
DA:230,0
DA:237,0
DA:238,0
DA:239,0
DA:246,0
DA:247,0
DA:248,0
DA:249,0
DA:250,0
DA:251,0
DA:252,0
DA:253,0
DA:254,0
LF:116
LH:0
end_of_record
SF:/home/andy/Documents/MadDrivers/Packages/SwiftIO/Sources/SwiftIO/DigitalInOut.swift
FN:29,$s7SwiftIO12DigitalInOutC13alwaysSuccesss6ResultOyytAA5ErrnoVGvpfi
FN:30,$s7SwiftIO12DigitalInOutC7writtenSaySbGvpfi
FN:32,$s7SwiftIO12DigitalInOutC10expectReadSaySbGvpfi
FN:33,$s7SwiftIO12DigitalInOutC10expectReadSaySbGvw
FN:55,$s7SwiftIO12DigitalInOutC_9direction10outputMode05inputH00G5ValueAcA6IdName_p_AC9DirectionOAA0cE0C0H0OAA0cD0CAMOSbtcfc
FN:64,$s7SwiftIO12DigitalInOutCfD
FN:70,$s7SwiftIO12DigitalInOutC12getDirectionAC0G0OyF
FN:76,$s7SwiftIO12DigitalInOutC13getOutputModeAA0cE0C0H0OyF
FN:82,$s7SwiftIO12DigitalInOutC12getInputModeAA0cD0C0H0OyF
FN:93,$s7SwiftIO12DigitalInOutC11setToOutput_5values6ResultOyytAA5ErrnoVGAA0cE0C4ModeOSg_SbSgtF
FN:120,$s7SwiftIO12DigitalInOutC10setToInputys6ResultOyytAA5ErrnoVGAA0cD0C4ModeOSgF
FN:141,$s7SwiftIO12DigitalInOutC5writeyySbF
FN:151,$s7SwiftIO12DigitalInOutC4highyyF
FN:158,$s7SwiftIO12DigitalInOutC3lowyyF
FN:166,$s7SwiftIO12DigitalInOutC4readSbyF
FNDA:0,$s7SwiftIO12DigitalInOutC13alwaysSuccesss6ResultOyytAA5ErrnoVGvpfi
FNDA:0,$s7SwiftIO12DigitalInOutC7writtenSaySbGvpfi
FNDA:0,$s7SwiftIO12DigitalInOutC10expectReadSaySbGvpfi
FNDA:0,$s7SwiftIO12DigitalInOutC10expectReadSaySbGvw
FNDA:0,$s7SwiftIO12DigitalInOutC_9direction10outputMode05inputH00G5ValueAcA6IdName_p_AC9DirectionOAA0cE0C0H0OAA0cD0CAMOSbtcfc
FNDA:0,$s7SwiftIO12DigitalInOutCfD
FNDA:0,$s7SwiftIO12DigitalInOutC12getDirectionAC0G0OyF
FNDA:0,$s7SwiftIO12DigitalInOutC13getOutputModeAA0cE0C0H0OyF
FNDA:0,$s7SwiftIO12DigitalInOutC12getInputModeAA0cD0C0H0OyF
FNDA:0,$s7SwiftIO12DigitalInOutC11setToOutput_5values6ResultOyytAA5ErrnoVGAA0cE0C4ModeOSg_SbSgtF
FNDA:0,$s7SwiftIO12DigitalInOutC10setToInputys6ResultOyytAA5ErrnoVGAA0cD0C4ModeOSgF
FNDA:0,$s7SwiftIO12DigitalInOutC5writeyySbF
FNDA:0,$s7SwiftIO12DigitalInOutC4highyyF
FNDA:0,$s7SwiftIO12DigitalInOutC3lowyyF
FNDA:0,$s7SwiftIO12DigitalInOutC4readSbyF
FNF:15
FNH:0
DA:29,0
DA:30,0
DA:32,0
DA:33,0
DA:34,0
DA:35,0
DA:55,0
DA:56,0
DA:57,0
DA:58,0
DA:59,0
DA:60,0
DA:61,0
DA:64,0
DA:65,0
DA:66,0
DA:70,0
DA:71,0
DA:72,0
DA:76,0
DA:77,0
DA:78,0
DA:82,0
DA:83,0
DA:84,0
DA:93,0
DA:94,0
DA:95,0
DA:96,0
DA:97,0
DA:98,0
DA:99,0
DA:100,0
DA:101,0
DA:102,0
DA:103,0
DA:104,0
DA:105,0
DA:106,0
DA:107,0
DA:108,0
DA:109,0
DA:110,0
DA:111,0
DA:112,0
DA:113,0
DA:120,0
DA:121,0
DA:122,0
DA:123,0
DA:124,0
DA:125,0
DA:126,0
DA:127,0
DA:128,0
DA:129,0
DA:130,0
DA:131,0
DA:132,0
DA:133,0
DA:134,0
DA:135,0
DA:141,0
DA:142,0
DA:143,0
DA:144,0
DA:145,0
DA:146,0
DA:147,0
DA:151,0
DA:152,0
DA:153,0
DA:154,0
DA:158,0
DA:159,0
DA:160,0
DA:161,0
DA:166,0
DA:167,0
DA:168,0
DA:169,0
DA:170,0
DA:171,0
DA:172,0
DA:173,0
DA:174,0
LF:86
LH:0
end_of_record
SF:/home/andy/Documents/MadDrivers/Packages/SwiftIO/Sources/SwiftIO/DigitalOut.swift
FN:59,$s7SwiftIO10DigitalOutC13alwaysSuccesss6ResultOyytAA5ErrnoVGvpfi
FN:64,$s7SwiftIO10DigitalOutC7writtenSaySbGvpfi
FN:103,$s7SwiftIO10DigitalOutC_4mode5valueAcA6IdName_p_AC4ModeOSbtcfc
FN:110,$s7SwiftIO10DigitalOutCfD
FN:127,$s7SwiftIO10DigitalOutC7getModeAC0F0OyF
FN:137,$s7SwiftIO10DigitalOutC7setModeys6ResultOyytAA5ErrnoVGAC0F0OF
FN:158,$s7SwiftIO10DigitalOutC5writeyySbF
FN:168,$s7SwiftIO10DigitalOutC4highyyF
FN:178,$s7SwiftIO10DigitalOutC3lowyyF
FN:188,$s7SwiftIO10DigitalOutC6toggleyyF
FN:204,$s7SwiftIO10DigitalOutC8getValueSbyF
FNDA:0,$s7SwiftIO10DigitalOutC13alwaysSuccesss6ResultOyytAA5ErrnoVGvpfi
FNDA:0,$s7SwiftIO10DigitalOutC7writtenSaySbGvpfi
FNDA:0,$s7SwiftIO10DigitalOutC_4mode5valueAcA6IdName_p_AC4ModeOSbtcfc
FNDA:0,$s7SwiftIO10DigitalOutCfD
FNDA:0,$s7SwiftIO10DigitalOutC7getModeAC0F0OyF
FNDA:0,$s7SwiftIO10DigitalOutC7setModeys6ResultOyytAA5ErrnoVGAC0F0OF
FNDA:0,$s7SwiftIO10DigitalOutC5writeyySbF
FNDA:0,$s7SwiftIO10DigitalOutC4highyyF
FNDA:0,$s7SwiftIO10DigitalOutC3lowyyF
FNDA:0,$s7SwiftIO10DigitalOutC6toggleyyF
FNDA:0,$s7SwiftIO10DigitalOutC8getValueSbyF
FNF:11
FNH:0
DA:59,0
DA:64,0
DA:103,0
DA:104,0
DA:105,0
DA:106,0
DA:107,0
DA:108,0
DA:110,0
DA:111,0
DA:112,0
DA:127,0
DA:128,0
DA:129,0
DA:137,0
DA:138,0
DA:139,0
DA:140,0
DA:141,0
DA:142,0
DA:143,0
DA:144,0
DA:145,0
DA:146,0
DA:147,0
DA:148,0
DA:158,0
DA:159,0
DA:160,0
DA:161,0
DA:168,0
DA:169,0
DA:170,0
DA:171,0
DA:178,0
DA:179,0
DA:180,0
DA:181,0
DA:188,0
DA:189,0
DA:190,0
DA:191,0
DA:204,0
DA:205,0
DA:206,0
LF:45
LH:0
end_of_record
SF:/home/andy/Documents/MadDrivers/Packages/SwiftIO/Sources/SwiftIO/Errno.swift
FN:24,$s7SwiftIO5ErrnoV8rawValueACs5Int32V_tcfC
FN:30,$s7SwiftIO5ErrnoVyACs5Int32VcfC
FN:46,$s7SwiftIO5ErrnoV12notPermittedACvgZ
FN:56,$s7SwiftIO5ErrnoV21noSuchFileOrDirectoryACvgZ
FN:65,$s7SwiftIO5ErrnoV13noSuchProcessACvgZ
FN:77,$s7SwiftIO5ErrnoV11interruptedACvgZ
FN:89,$s7SwiftIO5ErrnoV7ioErrorACvgZ
FN:101,$s7SwiftIO5ErrnoV21noSuchAddressOrDeviceACvgZ
FN:112,$s7SwiftIO5ErrnoV14argListTooLongACvgZ
FN:122,$s7SwiftIO5ErrnoV15execFormatErrorACvgZ
FN:134,$s7SwiftIO5ErrnoV17badFileDescriptorACvgZ
FN:145,$s7SwiftIO5ErrnoV14noChildProcessACvgZ
FN:155,$s7SwiftIO5ErrnoV8deadlockACvgZ
FN:169,$s7SwiftIO5ErrnoV8noMemoryACvgZ
FN:179,$s7SwiftIO5ErrnoV16permissionDeniedACvgZ
FN:188,$s7SwiftIO5ErrnoV10badAddressACvgZ
FN:198,$s7SwiftIO5ErrnoV12resourceBusyACvgZ
FN:208,$s7SwiftIO5ErrnoV10fileExistsACvgZ
FN:217,$s7SwiftIO5ErrnoV12improperLinkACvgZ
FN:227,$s7SwiftIO5ErrnoV29operationNotSupportedByDeviceACvgZ
FN:238,$s7SwiftIO5ErrnoV12notDirectoryACvgZ
FN:248,$s7SwiftIO5ErrnoV11isDirectoryACvgZ
FN:258,$s7SwiftIO5ErrnoV15invalidArgumentACvgZ
FN:270,$s7SwiftIO5ErrnoV24tooManyOpenFilesInSystemACvgZ
FN:280,$s7SwiftIO5ErrnoV16tooManyOpenFilesACvgZ
FN:291,$s7SwiftIO5ErrnoV27inappropriateIOCTLForDeviceACvgZ
FN:303,$s7SwiftIO5ErrnoV12textFileBusyACvgZ
FN:313,$s7SwiftIO5ErrnoV12fileTooLargeACvgZ
FN:327,$s7SwiftIO5ErrnoV7noSpaceACvgZ
FN:336,$s7SwiftIO5ErrnoV11illegalSeekACvgZ
FN:346,$s7SwiftIO5ErrnoV18readOnlyFileSystemACvgZ
FN:356,$s7SwiftIO5ErrnoV12tooManyLinksACvgZ
FN:366,$s7SwiftIO5ErrnoV10brokenPipeACvgZ
FN:376,$s7SwiftIO5ErrnoV11outOfDomainACvgZ
FN:388,$s7SwiftIO5ErrnoV10outOfRangeACvgZ
FN:399,$s7SwiftIO5ErrnoV30resourceTemporarilyUnavailableACvgZ
FN:411,$s7SwiftIO5ErrnoV13nowInProgressACvgZ
FN:421,$s7SwiftIO5ErrnoV16alreadyInProcessACvgZ
FN:428,$s7SwiftIO5ErrnoV9notSocketACvgZ
FN:437,$s7SwiftIO5ErrnoV15addressRequiredACvgZ
FN:447,$s7SwiftIO5ErrnoV14messageTooLongACvgZ
FN:459,$s7SwiftIO5ErrnoV26protocolWrongTypeForSocketACvgZ
FN:469,$s7SwiftIO5ErrnoV20protocolNotAvailableACvgZ
FN:479,$s7SwiftIO5ErrnoV20protocolNotSupportedACvgZ
FN:489,$s7SwiftIO5ErrnoV12notSupportedACvgZ
FN:499,$s7SwiftIO5ErrnoV26protocolFamilyNotSupportedACvgZ
FN:510,$s7SwiftIO5ErrnoV25addressFamilyNotSupportedACvgZ
FN:519,$s7SwiftIO5ErrnoV12addressInUseACvgZ
FN:529,$s7SwiftIO5ErrnoV19addressNotAvailableACvgZ
FN:538,$s7SwiftIO5ErrnoV11networkDownACvgZ
FN:547,$s7SwiftIO5ErrnoV18networkUnreachableACvgZ
FN:556,$s7SwiftIO5ErrnoV12networkResetACvgZ
FN:565,$s7SwiftIO5ErrnoV15connectionAbortACvgZ
FN:576,$s7SwiftIO5ErrnoV15connectionResetACvgZ
FN:587,$s7SwiftIO5ErrnoV13noBufferSpaceACvgZ
FN:599,$s7SwiftIO5ErrnoV17socketIsConnectedACvgZ
FN:610,$s7SwiftIO5ErrnoV18socketNotConnectedACvgZ
FN:623,$s7SwiftIO5ErrnoV8timedOutACvgZ
FN:635,$s7SwiftIO5ErrnoV17connectionRefusedACvgZ
FN:644,$s7SwiftIO5ErrnoV25tooManySymbolicLinkLevelsACvgZ
FN:654,$s7SwiftIO5ErrnoV15fileNameTooLongACvgZ
FN:663,$s7SwiftIO5ErrnoV10hostIsDownACvgZ
FN:672,$s7SwiftIO5ErrnoV13noRouteToHostACvgZ
FN:682,$s7SwiftIO5ErrnoV17directoryNotEmptyACvgZ
FN:719,$s7SwiftIO5ErrnoV7noLocksACvgZ
FN:728,$s7SwiftIO5ErrnoV10noFunctionACvgZ
FN:737,$s7SwiftIO5ErrnoV8canceledACvgZ
FN:748,$s7SwiftIO5ErrnoV19illegalByteSequenceACvgZ
FN:758,$s7SwiftIO5ErrnoV10badMessageACvgZ
FN:774,$s7SwiftIO5ErrnoV6noDataACvgZ
FN:790,$s7SwiftIO5ErrnoV17noStreamResourcesACvgZ
FN:798,$s7SwiftIO5ErrnoV9notStreamACvgZ
FN:808,$s7SwiftIO5ErrnoV13protocolErrorACvgZ
FN:816,$s7SwiftIO5ErrnoV7timeoutACvgZ
FN:826,$s7SwiftIO5ErrnoV20notSupportedOnSocketACvgZ
FN:832,$s7SwiftIO5ErrnoV2teoiySbAC_s5Error_ptFZ
FN:845,$s7SwiftIO5ErrnoV11descriptionSSvg
FN:855,$s7SwiftIO5ErrnoV16debugDescriptionSSvg
FNDA:0,$s7SwiftIO5ErrnoV8rawValueACs5Int32V_tcfC
FNDA:0,$s7SwiftIO5ErrnoVyACs5Int32VcfC
FNDA:0,$s7SwiftIO5ErrnoV12notPermittedACvgZ
FNDA:0,$s7SwiftIO5ErrnoV21noSuchFileOrDirectoryACvgZ
FNDA:0,$s7SwiftIO5ErrnoV13noSuchProcessACvgZ
FNDA:0,$s7SwiftIO5ErrnoV11interruptedACvgZ
FNDA:0,$s7SwiftIO5ErrnoV7ioErrorACvgZ
FNDA:0,$s7SwiftIO5ErrnoV21noSuchAddressOrDeviceACvgZ
FNDA:0,$s7SwiftIO5ErrnoV14argListTooLongACvgZ
FNDA:0,$s7SwiftIO5ErrnoV15execFormatErrorACvgZ
FNDA:0,$s7SwiftIO5ErrnoV17badFileDescriptorACvgZ
FNDA:0,$s7SwiftIO5ErrnoV14noChildProcessACvgZ
FNDA:0,$s7SwiftIO5ErrnoV8deadlockACvgZ
FNDA:0,$s7SwiftIO5ErrnoV8noMemoryACvgZ
FNDA:0,$s7SwiftIO5ErrnoV16permissionDeniedACvgZ
FNDA:0,$s7SwiftIO5ErrnoV10badAddressACvgZ
FNDA:0,$s7SwiftIO5ErrnoV12resourceBusyACvgZ
FNDA:0,$s7SwiftIO5ErrnoV10fileExistsACvgZ
FNDA:0,$s7SwiftIO5ErrnoV12improperLinkACvgZ
FNDA:0,$s7SwiftIO5ErrnoV29operationNotSupportedByDeviceACvgZ
FNDA:0,$s7SwiftIO5ErrnoV12notDirectoryACvgZ
FNDA:0,$s7SwiftIO5ErrnoV11isDirectoryACvgZ
FNDA:0,$s7SwiftIO5ErrnoV15invalidArgumentACvgZ
FNDA:0,$s7SwiftIO5ErrnoV24tooManyOpenFilesInSystemACvgZ
FNDA:0,$s7SwiftIO5ErrnoV16tooManyOpenFilesACvgZ
FNDA:0,$s7SwiftIO5ErrnoV27inappropriateIOCTLForDeviceACvgZ
FNDA:0,$s7SwiftIO5ErrnoV12textFileBusyACvgZ
FNDA:0,$s7SwiftIO5ErrnoV12fileTooLargeACvgZ
FNDA:0,$s7SwiftIO5ErrnoV7noSpaceACvgZ
FNDA:0,$s7SwiftIO5ErrnoV11illegalSeekACvgZ
FNDA:0,$s7SwiftIO5ErrnoV18readOnlyFileSystemACvgZ
FNDA:0,$s7SwiftIO5ErrnoV12tooManyLinksACvgZ
FNDA:0,$s7SwiftIO5ErrnoV10brokenPipeACvgZ
FNDA:0,$s7SwiftIO5ErrnoV11outOfDomainACvgZ
FNDA:0,$s7SwiftIO5ErrnoV10outOfRangeACvgZ
FNDA:0,$s7SwiftIO5ErrnoV30resourceTemporarilyUnavailableACvgZ
FNDA:0,$s7SwiftIO5ErrnoV13nowInProgressACvgZ
FNDA:0,$s7SwiftIO5ErrnoV16alreadyInProcessACvgZ
FNDA:0,$s7SwiftIO5ErrnoV9notSocketACvgZ
FNDA:0,$s7SwiftIO5ErrnoV15addressRequiredACvgZ
FNDA:0,$s7SwiftIO5ErrnoV14messageTooLongACvgZ
FNDA:0,$s7SwiftIO5ErrnoV26protocolWrongTypeForSocketACvgZ
FNDA:0,$s7SwiftIO5ErrnoV20protocolNotAvailableACvgZ
FNDA:0,$s7SwiftIO5ErrnoV20protocolNotSupportedACvgZ
FNDA:0,$s7SwiftIO5ErrnoV12notSupportedACvgZ
FNDA:0,$s7SwiftIO5ErrnoV26protocolFamilyNotSupportedACvgZ
FNDA:0,$s7SwiftIO5ErrnoV25addressFamilyNotSupportedACvgZ
FNDA:0,$s7SwiftIO5ErrnoV12addressInUseACvgZ
FNDA:0,$s7SwiftIO5ErrnoV19addressNotAvailableACvgZ
FNDA:0,$s7SwiftIO5ErrnoV11networkDownACvgZ
FNDA:0,$s7SwiftIO5ErrnoV18networkUnreachableACvgZ
FNDA:0,$s7SwiftIO5ErrnoV12networkResetACvgZ
FNDA:0,$s7SwiftIO5ErrnoV15connectionAbortACvgZ
FNDA:0,$s7SwiftIO5ErrnoV15connectionResetACvgZ
FNDA:0,$s7SwiftIO5ErrnoV13noBufferSpaceACvgZ
FNDA:0,$s7SwiftIO5ErrnoV17socketIsConnectedACvgZ
FNDA:0,$s7SwiftIO5ErrnoV18socketNotConnectedACvgZ
FNDA:0,$s7SwiftIO5ErrnoV8timedOutACvgZ
FNDA:0,$s7SwiftIO5ErrnoV17connectionRefusedACvgZ
FNDA:0,$s7SwiftIO5ErrnoV25tooManySymbolicLinkLevelsACvgZ
FNDA:0,$s7SwiftIO5ErrnoV15fileNameTooLongACvgZ
FNDA:0,$s7SwiftIO5ErrnoV10hostIsDownACvgZ
FNDA:0,$s7SwiftIO5ErrnoV13noRouteToHostACvgZ
FNDA:0,$s7SwiftIO5ErrnoV17directoryNotEmptyACvgZ
FNDA:0,$s7SwiftIO5ErrnoV7noLocksACvgZ
FNDA:0,$s7SwiftIO5ErrnoV10noFunctionACvgZ
FNDA:0,$s7SwiftIO5ErrnoV8canceledACvgZ
FNDA:0,$s7SwiftIO5ErrnoV19illegalByteSequenceACvgZ
FNDA:0,$s7SwiftIO5ErrnoV10badMessageACvgZ
FNDA:0,$s7SwiftIO5ErrnoV6noDataACvgZ
FNDA:0,$s7SwiftIO5ErrnoV17noStreamResourcesACvgZ
FNDA:0,$s7SwiftIO5ErrnoV9notStreamACvgZ
FNDA:0,$s7SwiftIO5ErrnoV13protocolErrorACvgZ
FNDA:0,$s7SwiftIO5ErrnoV7timeoutACvgZ
FNDA:0,$s7SwiftIO5ErrnoV20notSupportedOnSocketACvgZ
FNDA:0,$s7SwiftIO5ErrnoV2teoiySbAC_s5Error_ptFZ
FNDA:0,$s7SwiftIO5ErrnoV11descriptionSSvg
FNDA:0,$s7SwiftIO5ErrnoV16debugDescriptionSSvg
FNF:78
FNH:0
DA:24,0
DA:25,0
DA:26,0
DA:27,0
DA:30,0
DA:46,0
DA:56,0
DA:65,0
DA:77,0
DA:89,0
DA:101,0
DA:112,0
DA:122,0
DA:134,0
DA:145,0
DA:155,0
DA:169,0
DA:179,0
DA:188,0
DA:198,0
DA:208,0
DA:217,0
DA:227,0
DA:238,0
DA:248,0
DA:258,0
DA:270,0
DA:280,0
DA:291,0
DA:303,0
DA:313,0
DA:327,0
DA:336,0
DA:346,0
DA:356,0
DA:366,0
DA:376,0
DA:388,0
DA:399,0
DA:411,0
DA:421,0
DA:428,0
DA:437,0
DA:447,0
DA:459,0
DA:469,0
DA:479,0
DA:489,0
DA:499,0
DA:510,0
DA:519,0
DA:529,0
DA:538,0
DA:547,0
DA:556,0
DA:565,0
DA:576,0
DA:587,0
DA:599,0
DA:610,0
DA:623,0
DA:635,0
DA:644,0
DA:654,0
DA:663,0
DA:672,0
DA:682,0
DA:719,0
DA:728,0
DA:737,0
DA:748,0
DA:758,0
DA:774,0
DA:790,0
DA:798,0
DA:808,0
DA:816,0
DA:826,0
DA:832,0
DA:833,0
DA:834,0
DA:835,0
DA:845,0
DA:846,0
DA:847,0
DA:848,0
DA:855,0
LF:87
LH:0
end_of_record
SF:/home/andy/Documents/MadDrivers/Packages/SwiftIO/Sources/SwiftIO/FileDescriptor.swift
FN:61,$s7SwiftIO14FileDescriptorV4open__7optionsACSS_AC10AccessModeVAC11OpenOptionsVtFZ
FN:72,$s7SwiftIO14FileDescriptorV5closeyyF
FN:79,$s7SwiftIO14FileDescriptorV4tellSiyF
FN:91,$s7SwiftIO14FileDescriptorV4read4into5countSiSw_SiSgtF
FN:104,$s7SwiftIO14FileDescriptorV4read18fromAbsoluteOffest4into5countS2i_SwSiSgtF
FN:115,$s7SwiftIO14FileDescriptorV4read4into5countSiSays5UInt8VGz_SiSgtF
FN:128,$s7SwiftIO14FileDescriptorV4read18fromAbsoluteOffest4into5countS2i_Says5UInt8VGzSiSgtF
FN:137,$s7SwiftIO14FileDescriptorV4seek6offset4fromS2i_AC10SeekOriginVtF
FN:145,$s7SwiftIO14FileDescriptorV5writeyySSF
FN:155,$s7SwiftIO14FileDescriptorV5write_5countySW_SiSgtF
FN:167,$s7SwiftIO14FileDescriptorV5write16toAbsoluteOffset_5countySi_SWSiSgtF
FN:177,$s7SwiftIO14FileDescriptorV5write_5countySays5UInt8VG_SiSgtF
FN:189,$s7SwiftIO14FileDescriptorV5write16toAbsoluteOffset_5countySi_Says5UInt8VGSiSgtF
FN:202,$s7SwiftIO14FileDescriptorV4syncyyF
FN:216,$s7SwiftIO8FilePathV6lengthSivg
FN:225,$s7SwiftIO8FilePathVyACSScfC
FN:239,$s7SwiftIO14FileDescriptorV10AccessModeV8rawValueAEs5UInt8V_tcfC
FN:241,$s7SwiftIO14FileDescriptorV10AccessModeV8readOnlyAEvgZ
FN:243,$s7SwiftIO14FileDescriptorV10AccessModeV9writeOnlyAEvgZ
FN:245,$s7SwiftIO14FileDescriptorV10AccessModeV9readWriteAEvgZ
FN:253,$s7SwiftIO14FileDescriptorV11OpenOptionsV8rawValueAEs5UInt8V_tcfC
FN:255,$s7SwiftIO14FileDescriptorV11OpenOptionsV6createAEvgZ
FN:256,$s7SwiftIO14FileDescriptorV11OpenOptionsV6appendAEvgZ
FN:267,$s7SwiftIO14FileDescriptorV10SeekOriginV8rawValueAEs5Int32V_tcfC
FN:269,$s7SwiftIO14FileDescriptorV10SeekOriginV5startAEvgZ
FN:271,$s7SwiftIO14FileDescriptorV10SeekOriginV7currentAEvgZ
FN:273,$s7SwiftIO14FileDescriptorV10SeekOriginV3endAEvgZ
FNDA:0,$s7SwiftIO14FileDescriptorV4open__7optionsACSS_AC10AccessModeVAC11OpenOptionsVtFZ
FNDA:0,$s7SwiftIO14FileDescriptorV5closeyyF
FNDA:0,$s7SwiftIO14FileDescriptorV4tellSiyF
FNDA:0,$s7SwiftIO14FileDescriptorV4read4into5countSiSw_SiSgtF
FNDA:0,$s7SwiftIO14FileDescriptorV4read18fromAbsoluteOffest4into5countS2i_SwSiSgtF
FNDA:0,$s7SwiftIO14FileDescriptorV4read4into5countSiSays5UInt8VGz_SiSgtF
FNDA:0,$s7SwiftIO14FileDescriptorV4read18fromAbsoluteOffest4into5countS2i_Says5UInt8VGzSiSgtF
FNDA:0,$s7SwiftIO14FileDescriptorV4seek6offset4fromS2i_AC10SeekOriginVtF
FNDA:0,$s7SwiftIO14FileDescriptorV5writeyySSF
FNDA:0,$s7SwiftIO14FileDescriptorV5write_5countySW_SiSgtF
FNDA:0,$s7SwiftIO14FileDescriptorV5write16toAbsoluteOffset_5countySi_SWSiSgtF
FNDA:0,$s7SwiftIO14FileDescriptorV5write_5countySays5UInt8VG_SiSgtF
FNDA:0,$s7SwiftIO14FileDescriptorV5write16toAbsoluteOffset_5countySi_Says5UInt8VGSiSgtF
FNDA:0,$s7SwiftIO14FileDescriptorV4syncyyF
FNDA:0,$s7SwiftIO8FilePathV6lengthSivg
FNDA:0,$s7SwiftIO8FilePathVyACSScfC
FNDA:0,$s7SwiftIO14FileDescriptorV10AccessModeV8rawValueAEs5UInt8V_tcfC
FNDA:0,$s7SwiftIO14FileDescriptorV10AccessModeV8readOnlyAEvgZ
FNDA:0,$s7SwiftIO14FileDescriptorV10AccessModeV9writeOnlyAEvgZ
FNDA:0,$s7SwiftIO14FileDescriptorV10AccessModeV9readWriteAEvgZ
FNDA:0,$s7SwiftIO14FileDescriptorV11OpenOptionsV8rawValueAEs5UInt8V_tcfC
FNDA:0,$s7SwiftIO14FileDescriptorV11OpenOptionsV6createAEvgZ
FNDA:0,$s7SwiftIO14FileDescriptorV11OpenOptionsV6appendAEvgZ
FNDA:0,$s7SwiftIO14FileDescriptorV10SeekOriginV8rawValueAEs5Int32V_tcfC
FNDA:0,$s7SwiftIO14FileDescriptorV10SeekOriginV5startAEvgZ
FNDA:0,$s7SwiftIO14FileDescriptorV10SeekOriginV7currentAEvgZ
FNDA:0,$s7SwiftIO14FileDescriptorV10SeekOriginV3endAEvgZ
FNF:27
FNH:0
DA:61,0
DA:62,0
DA:63,0
DA:64,0
DA:65,0
DA:72,0
DA:73,0
DA:79,0
DA:80,0
DA:81,0
DA:91,0
DA:92,0
DA:93,0
DA:94,0
DA:104,0
DA:105,0
DA:106,0
DA:115,0
DA:116,0
DA:117,0
DA:128,0
DA:129,0
DA:130,0
DA:137,0
DA:138,0
DA:139,0
DA:145,0
DA:146,0
DA:147,0
DA:155,0
DA:156,0
DA:157,0
DA:167,0
DA:168,0
DA:169,0
DA:177,0
DA:178,0
DA:179,0
DA:189,0
DA:190,0
DA:191,0
DA:202,0
DA:203,0
DA:204,0
DA:216,0
DA:217,0
DA:218,0
DA:225,0
DA:226,0
DA:227,0
DA:228,0
DA:229,0
DA:239,0
DA:241,0
DA:242,0
DA:243,0
DA:244,0
DA:245,0
DA:246,0
DA:253,0
DA:255,0
DA:256,0
DA:267,0
DA:269,0
DA:270,0
DA:271,0
DA:272,0
DA:273,0
DA:274,0
LF:69
LH:0
end_of_record
SF:/home/andy/Documents/MadDrivers/Packages/SwiftIO/Sources/SwiftIO/I2C.swift
FN:34,$s7SwiftIO3I2CC13alwaysSuccesss6ResultOyytAA5ErrnoVGvpfi
FN:36,$s7SwiftIO3I2CC11expectSpeedAC0E0Ovpfi
FN:38,$s7SwiftIO3I2CC10expectReadSays5UInt8VGvpfi
FN:39,$s7SwiftIO3I2CC10expectReadSays5UInt8VGvw
FN:45,$s7SwiftIO3I2CC7writtenSays5UInt8VGvpfi
FN:60,$s7SwiftIO3I2CC_5speedAcA6IdName_p_AC5SpeedOtcfc
FN:65,$s7SwiftIO3I2CCfD
FN:73,$s7SwiftIO3I2CC8getSpeedAC0E0OyF
FN:81,$s7SwiftIO3I2CC8setSpeedys6ResultOyytAA5ErrnoVGAC0E0OF
FN:106,$s7SwiftIO3I2CC4read4into4froms6ResultOyytAA5ErrnoVGs5UInt8Vz_AMtF
FN:132,$s7SwiftIO3I2CC4read4into5count4froms6ResultOyytAA5ErrnoVGSays5UInt8VGz_SiSgANtF
FN:157,$s7SwiftIO3I2CC5write_2tos6ResultOyytAA5ErrnoVGs5UInt8V_ALtF
FN:174,$s7SwiftIO3I2CC5write_5count2tos6ResultOyytAA5ErrnoVGSays5UInt8VG_SiSgAMtF
FN:198,$s7SwiftIO3I2CC9writeRead_4into7addresss6ResultOyytAA5ErrnoVGs5UInt8V_AMzAMtF
FN:218,$s7SwiftIO3I2CC9writeRead_4into9readCount7addresss6ResultOyytAA5ErrnoVGs5UInt8V_SayANGzSiSgANtF
FN:254,$s7SwiftIO3I2CC9writeRead_0D5Count4into04readF07addresss6ResultOyytAA5ErrnoVGSays5UInt8VG_SiSgAPzAqOtF
FNDA:9,$s7SwiftIO3I2CC13alwaysSuccesss6ResultOyytAA5ErrnoVGvpfi
FNDA:9,$s7SwiftIO3I2CC11expectSpeedAC0E0Ovpfi
FNDA:9,$s7SwiftIO3I2CC10expectReadSays5UInt8VGvpfi
FNDA:9,$s7SwiftIO3I2CC10expectReadSays5UInt8VGvw
FNDA:9,$s7SwiftIO3I2CC7writtenSays5UInt8VGvpfi
FNDA:9,$s7SwiftIO3I2CC_5speedAcA6IdName_p_AC5SpeedOtcfc
FNDA:1,$s7SwiftIO3I2CCfD
FNDA:2,$s7SwiftIO3I2CC8getSpeedAC0E0OyF
FNDA:0,$s7SwiftIO3I2CC8setSpeedys6ResultOyytAA5ErrnoVGAC0E0OF
FNDA:0,$s7SwiftIO3I2CC4read4into4froms6ResultOyytAA5ErrnoVGs5UInt8Vz_AMtF
FNDA:13,$s7SwiftIO3I2CC4read4into5count4froms6ResultOyytAA5ErrnoVGSays5UInt8VGz_SiSgANtF
FNDA:0,$s7SwiftIO3I2CC5write_2tos6ResultOyytAA5ErrnoVGs5UInt8V_ALtF
FNDA:22,$s7SwiftIO3I2CC5write_5count2tos6ResultOyytAA5ErrnoVGSays5UInt8VG_SiSgAMtF
FNDA:0,$s7SwiftIO3I2CC9writeRead_4into7addresss6ResultOyytAA5ErrnoVGs5UInt8V_AMzAMtF
FNDA:0,$s7SwiftIO3I2CC9writeRead_4into9readCount7addresss6ResultOyytAA5ErrnoVGs5UInt8V_SayANGzSiSgANtF
FNDA:0,$s7SwiftIO3I2CC9writeRead_0D5Count4into04readF07addresss6ResultOyytAA5ErrnoVGSays5UInt8VG_SiSgAPzAqOtF
FNF:16
FNH:10
DA:34,9
DA:36,9
DA:38,9
DA:39,9
DA:40,9
DA:41,9
DA:45,9
DA:60,9
DA:61,9
DA:62,9
DA:63,9
DA:65,1
DA:66,1
DA:73,2
DA:74,2
DA:75,2
DA:81,0
DA:82,0
DA:83,0
DA:84,0
DA:85,0
DA:86,0
DA:87,0
DA:88,0
DA:89,0
DA:90,0
DA:91,0
DA:92,0
DA:106,0
DA:107,0
DA:108,0
DA:109,0
DA:110,0
DA:111,0
DA:112,0
DA:113,0
DA:114,0
DA:115,0
DA:116,0
DA:117,0
DA:132,13
DA:133,13
DA:134,13
DA:135,13
DA:136,13
DA:137,78
DA:138,78
DA:139,78
DA:140,78
DA:141,13
DA:142,13
DA:143,13
DA:144,0
DA:145,13
DA:146,13
DA:147,13
DA:148,13
DA:157,0
DA:158,0
DA:159,0
DA:160,0
DA:161,0
DA:162,0
DA:163,0
DA:164,0
DA:165,0
DA:174,22
DA:175,22
DA:176,22
DA:177,22
DA:178,22
DA:179,22
DA:180,44
DA:181,44
DA:182,44
DA:183,22
DA:184,22
DA:185,22
DA:186,22
DA:187,0
DA:188,22
DA:189,22
DA:190,22
DA:191,22
DA:198,0
DA:199,0
DA:200,0
DA:201,0
DA:202,0
DA:203,0
DA:204,0
DA:205,0
DA:206,0
DA:207,0
DA:208,0
DA:209,0
DA:210,0
DA:218,0
DA:219,0
DA:220,0
DA:221,0
DA:222,0
DA:223,0
DA:224,0
DA:225,0
DA:226,0
DA:227,0
DA:228,0
DA:229,0
DA:230,0
DA:231,0
DA:232,0
DA:233,0
DA:234,0
DA:254,0
DA:255,0
DA:256,0
DA:257,0
DA:258,0
DA:259,0
DA:260,0
DA:261,0
DA:262,0
DA:263,0
DA:264,0
DA:265,0
DA:266,0
DA:267,0
DA:268,0
DA:269,0
DA:270,0
DA:271,0
DA:272,0
DA:273,0
DA:274,0
DA:275,0
DA:276,0
DA:277,0
DA:278,0
DA:279,0
DA:280,0
LF:141
LH:49
end_of_record
SF:/home/andy/Documents/MadDrivers/Packages/SwiftIO/Sources/SwiftIO/KernelTiming.swift
FN:22,$s7SwiftIO4wait2usySi_tF
FN:30,$s7SwiftIO5sleep2msySi_tF
FN:37,$s7SwiftIO29getSystemUptimeInMillisecondss5Int64VyF
FN:51,$s7SwiftIO13getClockCycleSuyF
FN:62,$s7SwiftIO19cyclesToNanoseconds5start4stops5Int64VSu_SutF
FNDA:0,$s7SwiftIO4wait2usySi_tF
FNDA:31,$s7SwiftIO5sleep2msySi_tF
FNDA:0,$s7SwiftIO29getSystemUptimeInMillisecondss5Int64VyF
FNDA:0,$s7SwiftIO13getClockCycleSuyF
FNDA:0,$s7SwiftIO19cyclesToNanoseconds5start4stops5Int64VSu_SutF
FNF:5
FNH:1
DA:22,0
DA:23,0
DA:30,31
DA:31,31
DA:37,0
DA:38,0
DA:39,0
DA:51,0
DA:52,0
DA:53,0
DA:62,0
DA:63,0
DA:64,0
LF:13
LH:2
end_of_record
SF:/home/andy/Documents/MadDrivers/Packages/SwiftIO/Sources/SwiftIO/MockBoard.swift
FN:2,$s7SwiftIO2IdO5values5Int32Vvg
FNDA:9,$s7SwiftIO2IdO5values5Int32Vvg
FNF:1
FNH:1
DA:2,9
DA:3,9
DA:4,9
LF:3
LH:3
end_of_record
SF:/home/andy/Documents/MadDrivers/Packages/SwiftIO/Sources/SwiftIO/SPI.swift
FN:27,$s7SwiftIO3SPIC2csSbvg
FN:32,$s7SwiftIO3SPIC13alwaysSuccesss6ResultOyytAA5ErrnoVGvpfi
FN:36,$s7SwiftIO3SPIC10expectReadSays5UInt8VGvpfi
FN:37,$s7SwiftIO3SPIC10expectReadSays5UInt8VGvw
FN:43,$s7SwiftIO3SPIC7writtenSays5UInt8VGvpfi
FN:67,$s7SwiftIO3SPIC_5speed5csPin4CPOL4CPHA8bitOrderAcA6IdName_p_SiAA10DigitalOutCSgS2bAC03BitJ0Otcfc
FN:96,$s7SwiftIO3SPICfD
FN:101,$s7SwiftIO3SPIC8csEnableyyF
FN:106,$s7SwiftIO3SPIC9csDisableyyF
FN:115,$s7SwiftIO3SPIC8getSpeedSiyF
FN:125,$s7SwiftIO3SPIC8setSpeedys6ResultOyytAA5ErrnoVGSiF
FN:141,$s7SwiftIO3SPIC7setMode4CPOL4CPHA8bitOrders6ResultOyytAA5ErrnoVGSb_SbAC03BitI0OSgtF
FN:180,$s7SwiftIO3SPIC7getModeSb4CPOL_Sb4CPHAAC8BitOrderO03bitI0tyF
FN:195,$s7SwiftIO3SPIC4read4intos6ResultOyytAA5ErrnoVGs5UInt8Vz_tF
FN:215,$s7SwiftIO3SPIC4read4into5counts6ResultOyytAA5ErrnoVGSays5UInt8VGz_SiSgtF
FN:236,$s7SwiftIO3SPIC4read4into5counts6ResultOyytAA5ErrnoVGSrys5UInt8VG_SiSgtF
FN:261,$s7SwiftIO3SPIC5writeys6ResultOyytAA5ErrnoVGs5UInt8VF
FN:278,$s7SwiftIO3SPIC5write_5counts6ResultOyytAA5ErrnoVGSays5UInt8VG_SiSgtF
FN:304,$s7SwiftIO3SPIC5write_5counts6ResultOyytAA5ErrnoVGSRys5UInt8VG_SiSgtF
FN:325,$s7SwiftIO3SPIC10transceive_4into9readCounts6ResultOyytAA5ErrnoVGs5UInt8V_SayAMGzSiSgtF
FN:354,$s7SwiftIO3SPIC10transceive_10writeCount4into04readF0s6ResultOyytAA5ErrnoVGSays5UInt8VG_SiSgAOzAPtF
FNDA:0,$s7SwiftIO3SPIC2csSbvg
FNDA:0,$s7SwiftIO3SPIC13alwaysSuccesss6ResultOyytAA5ErrnoVGvpfi
FNDA:0,$s7SwiftIO3SPIC10expectReadSays5UInt8VGvpfi
FNDA:0,$s7SwiftIO3SPIC10expectReadSays5UInt8VGvw
FNDA:0,$s7SwiftIO3SPIC7writtenSays5UInt8VGvpfi
FNDA:0,$s7SwiftIO3SPIC_5speed5csPin4CPOL4CPHA8bitOrderAcA6IdName_p_SiAA10DigitalOutCSgS2bAC03BitJ0Otcfc
FNDA:0,$s7SwiftIO3SPICfD
FNDA:0,$s7SwiftIO3SPIC8csEnableyyF
FNDA:0,$s7SwiftIO3SPIC9csDisableyyF
FNDA:0,$s7SwiftIO3SPIC8getSpeedSiyF
FNDA:0,$s7SwiftIO3SPIC8setSpeedys6ResultOyytAA5ErrnoVGSiF
FNDA:0,$s7SwiftIO3SPIC7setMode4CPOL4CPHA8bitOrders6ResultOyytAA5ErrnoVGSb_SbAC03BitI0OSgtF
FNDA:0,$s7SwiftIO3SPIC7getModeSb4CPOL_Sb4CPHAAC8BitOrderO03bitI0tyF
FNDA:0,$s7SwiftIO3SPIC4read4intos6ResultOyytAA5ErrnoVGs5UInt8Vz_tF
FNDA:0,$s7SwiftIO3SPIC4read4into5counts6ResultOyytAA5ErrnoVGSays5UInt8VGz_SiSgtF
FNDA:0,$s7SwiftIO3SPIC4read4into5counts6ResultOyytAA5ErrnoVGSrys5UInt8VG_SiSgtF
FNDA:0,$s7SwiftIO3SPIC5writeys6ResultOyytAA5ErrnoVGs5UInt8VF
FNDA:0,$s7SwiftIO3SPIC5write_5counts6ResultOyytAA5ErrnoVGSays5UInt8VG_SiSgtF
FNDA:0,$s7SwiftIO3SPIC5write_5counts6ResultOyytAA5ErrnoVGSRys5UInt8VG_SiSgtF
FNDA:0,$s7SwiftIO3SPIC10transceive_4into9readCounts6ResultOyytAA5ErrnoVGs5UInt8V_SayAMGzSiSgtF
FNDA:0,$s7SwiftIO3SPIC10transceive_10writeCount4into04readF0s6ResultOyytAA5ErrnoVGSays5UInt8VG_SiSgAOzAPtF
FNF:21
FNH:0
DA:27,0
DA:28,0
DA:29,0
DA:32,0
DA:36,0
DA:37,0
DA:38,0
DA:39,0
DA:43,0
DA:67,0
DA:68,0
DA:69,0
DA:70,0
DA:71,0
DA:72,0
DA:73,0
DA:74,0
DA:75,0
DA:76,0
DA:77,0
DA:78,0
DA:79,0
DA:80,0
DA:81,0
DA:82,0
DA:83,0
DA:84,0
DA:85,0
DA:86,0
DA:87,0
DA:88,0
DA:89,0
DA:90,0
DA:91,0
DA:92,0
DA:93,0
DA:94,0
DA:96,0
DA:97,0
DA:98,0
DA:101,0
DA:102,0
DA:103,0
DA:106,0
DA:107,0
DA:108,0
DA:115,0
DA:116,0
DA:117,0
DA:125,0
DA:126,0
DA:127,0
DA:128,0
DA:129,0
DA:130,0
DA:131,0
DA:132,0
DA:133,0
DA:134,0
DA:135,0
DA:141,0
DA:142,0
DA:143,0
DA:144,0
DA:145,0
DA:146,0
DA:147,0
DA:148,0
DA:149,0
DA:150,0
DA:151,0
DA:152,0
DA:153,0
DA:154,0
DA:155,0
DA:156,0
DA:157,0
DA:158,0
DA:159,0
DA:160,0
DA:161,0
DA:162,0
DA:163,0
DA:164,0
DA:165,0
DA:166,0
DA:167,0
DA:168,0
DA:169,0
DA:170,0
DA:171,0
DA:172,0
DA:173,0
DA:174,0
DA:175,0
DA:176,0
DA:177,0
DA:178,0
DA:180,0
DA:181,0
DA:182,0
DA:183,0
DA:184,0
DA:185,0
DA:186,0
DA:187,0
DA:188,0
DA:189,0
DA:190,0
DA:191,0
DA:192,0
DA:195,0
DA:196,0
DA:197,0
DA:198,0
DA:199,0
DA:200,0
DA:201,0
DA:202,0
DA:203,0
DA:204,0
DA:205,0
DA:206,0
DA:207,0
DA:215,0
DA:216,0
DA:217,0
DA:218,0
DA:219,0
DA:220,0
DA:221,0
DA:222,0
DA:223,0
DA:224,0
DA:225,0
DA:226,0
DA:227,0
DA:228,0
DA:229,0
DA:230,0
DA:231,0
DA:232,0
DA:233,0
DA:236,0
DA:237,0
DA:238,0
DA:239,0
DA:240,0
DA:241,0
DA:242,0
DA:243,0
DA:244,0
DA:245,0
DA:246,0
DA:247,0
DA:248,0
DA:249,0
DA:250,0
DA:251,0
DA:252,0
DA:253,0
DA:254,0
DA:261,0
DA:262,0
DA:263,0
DA:264,0
DA:265,0
DA:266,0
DA:267,0
DA:268,0
DA:269,0
DA:270,0
DA:271,0
DA:278,0
DA:279,0
DA:280,0
DA:281,0
DA:282,0
DA:283,0
DA:284,0
DA:285,0
DA:286,0
DA:287,0
DA:288,0
DA:289,0
DA:290,0
DA:291,0
DA:292,0
DA:293,0
DA:294,0
DA:295,0
DA:296,0
DA:297,0
DA:304,0
DA:305,0
DA:306,0
DA:307,0
DA:308,0
DA:309,0
DA:310,0
DA:311,0
DA:312,0
DA:313,0
DA:314,0
DA:315,0
DA:316,0
DA:317,0
DA:318,0
DA:319,0
DA:320,0
DA:321,0
DA:322,0
DA:323,0
DA:325,0
DA:326,0
DA:327,0
DA:328,0
DA:329,0
DA:330,0
DA:331,0
DA:332,0
DA:333,0
DA:334,0
DA:335,0
DA:336,0
DA:337,0
DA:338,0
DA:339,0
DA:340,0
DA:341,0
DA:342,0
DA:343,0
DA:344,0
DA:345,0
DA:346,0
DA:354,0
DA:355,0
DA:356,0
DA:357,0
DA:358,0
DA:359,0
DA:360,0
DA:361,0
DA:362,0
DA:363,0
DA:364,0
DA:365,0
DA:366,0
DA:367,0
DA:368,0
DA:369,0
DA:370,0
DA:371,0
DA:372,0
DA:373,0
DA:374,0
DA:375,0
DA:376,0
DA:377,0
DA:378,0
DA:379,0
DA:380,0
DA:381,0
DA:382,0
DA:383,0
DA:384,0
LF:266
LH:0
end_of_record
SF:/home/andy/Documents/MadDrivers/Packages/SwiftIO/Sources/SwiftIO/Utils.swift
FN:17,$s7SwiftIO15getClassPointerySVxRlzClF
FN:21,$s7SwiftIO15system_strerrorySpys4Int8VGSgs5Int32VF
FN:28,$s7SwiftIO12valueOrErrnoys6ResultOyxAA0E0VGx_s5Int32VtlF
FN:35,$s7SwiftIO12valueOrErrnoys6ResultOySiAA0E0VGs5Int32VF
FN:42,$s7SwiftIO14nothingOrErrnoys6ResultOyytAA0E0VGs5Int32VF
FN:43,$s7SwiftIO14nothingOrErrnoys6ResultOyytAA0E0VGs5Int32VFySiXEfU_
FN:48,$s7SwiftIO14validateLength_5count6lengths6ResultOyytAA5ErrnoVGSays5UInt8VG_SiSgSiztF
FN:50,$s7SwiftIO14validateLength_5count6lengths6ResultOyytAA5ErrnoVGSays5UInt8VG_SiSgSiztFSbyKXEfu_
FN:64,$s7SwiftIO14validateLength_5count6lengths6ResultOyytAA5ErrnoVGSrys5UInt8VG_SiSgSiztF
FN:66,$s7SwiftIO14validateLength_5count6lengths6ResultOyytAA5ErrnoVGSrys5UInt8VG_SiSgSiztFSbyKXEfu_
FN:81,$s7SwiftIO14validateLength_5count6lengths6ResultOyytAA5ErrnoVGSRys5UInt8VG_SiSgSiztF
FN:83,$s7SwiftIO14validateLength_5count6lengths6ResultOyytAA5ErrnoVGSRys5UInt8VG_SiSgSiztFSbyKXEfu_
FNDA:0,$s7SwiftIO15getClassPointerySVxRlzClF
FNDA:0,$s7SwiftIO15system_strerrorySpys4Int8VGSgs5Int32VF
FNDA:0,$s7SwiftIO12valueOrErrnoys6ResultOyxAA0E0VGx_s5Int32VtlF
FNDA:0,$s7SwiftIO12valueOrErrnoys6ResultOySiAA0E0VGs5Int32VF
FNDA:0,$s7SwiftIO14nothingOrErrnoys6ResultOyytAA0E0VGs5Int32VF
FNDA:0,$s7SwiftIO14nothingOrErrnoys6ResultOyytAA0E0VGs5Int32VFySiXEfU_
FNDA:35,$s7SwiftIO14validateLength_5count6lengths6ResultOyytAA5ErrnoVGSays5UInt8VG_SiSgSiztF
FNDA:0,$s7SwiftIO14validateLength_5count6lengths6ResultOyytAA5ErrnoVGSays5UInt8VG_SiSgSiztFSbyKXEfu_
FNDA:0,$s7SwiftIO14validateLength_5count6lengths6ResultOyytAA5ErrnoVGSrys5UInt8VG_SiSgSiztF
FNDA:0,$s7SwiftIO14validateLength_5count6lengths6ResultOyytAA5ErrnoVGSrys5UInt8VG_SiSgSiztFSbyKXEfu_
FNDA:0,$s7SwiftIO14validateLength_5count6lengths6ResultOyytAA5ErrnoVGSRys5UInt8VG_SiSgSiztF
FNDA:0,$s7SwiftIO14validateLength_5count6lengths6ResultOyytAA5ErrnoVGSRys5UInt8VG_SiSgSiztFSbyKXEfu_
FNF:12
FNH:1
DA:17,0
DA:18,0
DA:19,0
DA:21,0
DA:22,0
DA:23,0
DA:28,0
DA:29,0
DA:30,0
DA:35,0
DA:36,0
DA:37,0
DA:42,0
DA:43,0
DA:44,0
DA:48,35
DA:49,35
DA:50,0
DA:51,0
DA:52,0
DA:53,0
DA:54,0
DA:55,35
DA:56,35
DA:57,35
DA:58,35
DA:59,35
DA:60,35
DA:64,0
DA:65,0
DA:66,0
DA:67,0
DA:68,0
DA:69,0
DA:70,0
DA:71,0
DA:72,0
DA:73,0
DA:74,0
DA:75,0
DA:76,0
DA:81,0
DA:82,0
DA:83,0
DA:84,0
DA:85,0
DA:86,0
DA:87,0
DA:88,0
DA:89,0
DA:90,0
DA:91,0
DA:92,0
DA:93,0
LF:58
LH:8
end_of_record
SF:/home/andy/Documents/MadDrivers/Sources/SHT3x/SHT3x.swift
FN:28,$s5SHT3xAAC10readBuffer33_80CC952E56AADB550FB33AEAF4408C55LLSays5UInt8VGvpfi
FN:34,$s5SHT3xAAC_7addressAB7SwiftIO3I2CC_s5UInt8Vtcfc
FN:42,$s5SHT3xAAC5resetyyF
FN:50,$s5SHT3xAAC11readCelsiusSfyF
FN:58,$s5SHT3xAAC14readFahrenheitSfyF
FN:66,$s5SHT3xAAC12readHumiditySfyF
FN:93,$s5SHT3xAAC10writeValue33_80CC952E56AADB550FB33AEAF4408C55LLyyAB7CommandADLLOKF
FN:101,$s5SHT3xAAC9readValue33_80CC952E56AADB550FB33AEAF4408C55LL4intoySays5UInt8VGz_tKF
FN:111,$s5SHT3xAAC13getSensorData33_80CC952E56AADB550FB33AEAF4408C55LL4intoySays5UInt8VGz_tKF
FNDA:8,$s5SHT3xAAC10readBuffer33_80CC952E56AADB550FB33AEAF4408C55LLSays5UInt8VGvpfi
FNDA:8,$s5SHT3xAAC_7addressAB7SwiftIO3I2CC_s5UInt8Vtcfc
FNDA:9,$s5SHT3xAAC5resetyyF
FNDA:5,$s5SHT3xAAC11readCelsiusSfyF
FNDA:5,$s5SHT3xAAC14readFahrenheitSfyF
FNDA:3,$s5SHT3xAAC12readHumiditySfyF
FNDA:22,$s5SHT3xAAC10writeValue33_80CC952E56AADB550FB33AEAF4408C55LLyyAB7CommandADLLOKF
FNDA:13,$s5SHT3xAAC9readValue33_80CC952E56AADB550FB33AEAF4408C55LL4intoySays5UInt8VGz_tKF
FNDA:13,$s5SHT3xAAC13getSensorData33_80CC952E56AADB550FB33AEAF4408C55LL4intoySays5UInt8VGz_tKF
FNF:9
FNH:9
DA:28,8
DA:34,8
DA:35,8
DA:36,8
DA:37,8
DA:38,8
DA:39,8
DA:42,9
DA:43,9
DA:44,9
DA:45,9
DA:46,9
DA:50,5
DA:51,5
DA:52,5
DA:53,5
DA:54,5
DA:58,5
DA:59,5
DA:60,5
DA:61,5
DA:62,5
DA:66,3
DA:67,3
DA:68,3
DA:69,3
DA:70,3
DA:93,22
DA:94,22
DA:95,22
DA:96,22
DA:97,0
DA:98,22
DA:99,22
DA:101,13
DA:102,78
DA:103,78
DA:104,78
DA:105,13
DA:106,13
DA:107,0
DA:108,13
DA:109,13
DA:111,13
DA:112,13
DA:113,13
DA:114,13
DA:115,13
LF:48
LH:46
end_of_record
SF:/home/andy/Documents/MadDrivers/Tests/SHT3xTests/SHT3xTests.swift
FN:11,$s10SHT3xTestsAAC5setUpyyF
FN:18,$s10SHT3xTestsAAC13testInitStateyyF
FN:19,$s10SHT3xTestsAAC13testInitStateyyF7SwiftIO3I2CC5SpeedOyKXEfu_
FN:19,$s10SHT3xTestsAAC13testInitStateyyF7SwiftIO3I2CC5SpeedOyKXEfu0_
FN:20,$s10SHT3xTestsAAC13testInitStateyyFSays5UInt8VGyKXEfu1_
FN:20,$s10SHT3xTestsAAC13testInitStateyyFSays5UInt8VGyKXEfu2_
FN:23,$s10SHT3xTestsAAC11testFastI2CyyF
FN:25,$s10SHT3xTestsAAC11testFastI2CyyF7SwiftIO0E1CC5SpeedOyKXEfu_
FN:25,$s10SHT3xTestsAAC11testFastI2CyyF7SwiftIO0E1CC5SpeedOyKXEfu0_
FN:28,$s10SHT3xTestsAAC9testResetyyF
FN:31,$s10SHT3xTestsAAC9testResetyyFSays5UInt8VGyKXEfu_
FN:31,$s10SHT3xTestsAAC9testResetyyFSays5UInt8VGyKXEfu0_
FN:34,$s10SHT3xTestsAAC13testZeroValueyyF
FN:40,$s10SHT3xTestsAAC13testZeroValueyyFSfyKXEfu_
FN:40,$s10SHT3xTestsAAC13testZeroValueyyFSfyKXEfu0_
FN:40,$s10SHT3xTestsAAC13testZeroValueyyFSSyXEfu1_
FN:41,$s10SHT3xTestsAAC13testZeroValueyyFSfyKXEfu2_
FN:41,$s10SHT3xTestsAAC13testZeroValueyyFSfyKXEfu3_
FN:42,$s10SHT3xTestsAAC13testZeroValueyyFSfyKXEfu4_
FN:42,$s10SHT3xTestsAAC13testZeroValueyyFSfyKXEfu5_
FN:46,$s10SHT3xTestsAAC12testMaxValueyyF
FN:52,$s10SHT3xTestsAAC12testMaxValueyyFSfyKXEfu_
FN:52,$s10SHT3xTestsAAC12testMaxValueyyFSfyKXEfu0_
FN:53,$s10SHT3xTestsAAC12testMaxValueyyFSfyKXEfu1_
FN:53,$s10SHT3xTestsAAC12testMaxValueyyFSfyKXEfu2_
FN:54,$s10SHT3xTestsAAC12testMaxValueyyFSfyKXEfu3_
FN:54,$s10SHT3xTestsAAC12testMaxValueyyFSfyKXEfu4_
FN:57,$s10SHT3xTestsAAC017testMaxValueOneByF0yyF
FN:61,$s10SHT3xTestsAAC017testMaxValueOneByF0yyFSfyKXEfu_
FN:61,$s10SHT3xTestsAAC017testMaxValueOneByF0yyFSfyKXEfu0_
FN:66,$s10SHT3xTestsAAC017testMaxValueOneByF0yyFSfyKXEfu1_
FN:66,$s10SHT3xTestsAAC017testMaxValueOneByF0yyFSfyKXEfu2_
FN:71,$s10SHT3xTestsAAC017testMaxValueOneByF0yyFSfyKXEfu3_
FN:71,$s10SHT3xTestsAAC017testMaxValueOneByF0yyFSfyKXEfu4_
FN:75,$s10SHT3xTestsAAC12test25DegreeyyF
FN:80,$s10SHT3xTestsAAC12test25DegreeyyFSfyKXEfu_
FN:80,$s10SHT3xTestsAAC12test25DegreeyyFSfyKXEfu0_
FN:83,$s10SHT3xTestsAAC12test25DegreeyyFSfyKXEfu1_
FN:83,$s10SHT3xTestsAAC12test25DegreeyyFSfyKXEfu2_
FN:86,$s10SHT3xTestsAAC11test0DegreeyyF
FN:91,$s10SHT3xTestsAAC11test0DegreeyyFSfyKXEfu_
FN:91,$s10SHT3xTestsAAC11test0DegreeyyFSfyKXEfu0_
FN:94,$s10SHT3xTestsAAC11test0DegreeyyFSfyKXEfu1_
FN:94,$s10SHT3xTestsAAC11test0DegreeyyFSfyKXEfu2_
FNDA:8,$s10SHT3xTestsAAC5setUpyyF
FNDA:1,$s10SHT3xTestsAAC13testInitStateyyF
FNDA:1,$s10SHT3xTestsAAC13testInitStateyyF7SwiftIO3I2CC5SpeedOyKXEfu_
FNDA:1,$s10SHT3xTestsAAC13testInitStateyyF7SwiftIO3I2CC5SpeedOyKXEfu0_
FNDA:1,$s10SHT3xTestsAAC13testInitStateyyFSays5UInt8VGyKXEfu1_
FNDA:1,$s10SHT3xTestsAAC13testInitStateyyFSays5UInt8VGyKXEfu2_
FNDA:1,$s10SHT3xTestsAAC11testFastI2CyyF
FNDA:1,$s10SHT3xTestsAAC11testFastI2CyyF7SwiftIO0E1CC5SpeedOyKXEfu_
FNDA:1,$s10SHT3xTestsAAC11testFastI2CyyF7SwiftIO0E1CC5SpeedOyKXEfu0_
FNDA:1,$s10SHT3xTestsAAC9testResetyyF
FNDA:1,$s10SHT3xTestsAAC9testResetyyFSays5UInt8VGyKXEfu_
FNDA:1,$s10SHT3xTestsAAC9testResetyyFSays5UInt8VGyKXEfu0_
FNDA:1,$s10SHT3xTestsAAC13testZeroValueyyF
FNDA:1,$s10SHT3xTestsAAC13testZeroValueyyFSfyKXEfu_
FNDA:1,$s10SHT3xTestsAAC13testZeroValueyyFSfyKXEfu0_
FNDA:0,$s10SHT3xTestsAAC13testZeroValueyyFSSyXEfu1_
FNDA:1,$s10SHT3xTestsAAC13testZeroValueyyFSfyKXEfu2_
FNDA:1,$s10SHT3xTestsAAC13testZeroValueyyFSfyKXEfu3_
FNDA:1,$s10SHT3xTestsAAC13testZeroValueyyFSfyKXEfu4_
FNDA:1,$s10SHT3xTestsAAC13testZeroValueyyFSfyKXEfu5_
FNDA:1,$s10SHT3xTestsAAC12testMaxValueyyF
FNDA:1,$s10SHT3xTestsAAC12testMaxValueyyFSfyKXEfu_
FNDA:1,$s10SHT3xTestsAAC12testMaxValueyyFSfyKXEfu0_
FNDA:1,$s10SHT3xTestsAAC12testMaxValueyyFSfyKXEfu1_
FNDA:1,$s10SHT3xTestsAAC12testMaxValueyyFSfyKXEfu2_
FNDA:1,$s10SHT3xTestsAAC12testMaxValueyyFSfyKXEfu3_
FNDA:1,$s10SHT3xTestsAAC12testMaxValueyyFSfyKXEfu4_
FNDA:1,$s10SHT3xTestsAAC017testMaxValueOneByF0yyF
FNDA:1,$s10SHT3xTestsAAC017testMaxValueOneByF0yyFSfyKXEfu_
FNDA:1,$s10SHT3xTestsAAC017testMaxValueOneByF0yyFSfyKXEfu0_
FNDA:1,$s10SHT3xTestsAAC017testMaxValueOneByF0yyFSfyKXEfu1_
FNDA:1,$s10SHT3xTestsAAC017testMaxValueOneByF0yyFSfyKXEfu2_
FNDA:1,$s10SHT3xTestsAAC017testMaxValueOneByF0yyFSfyKXEfu3_
FNDA:1,$s10SHT3xTestsAAC017testMaxValueOneByF0yyFSfyKXEfu4_
FNDA:1,$s10SHT3xTestsAAC12test25DegreeyyF
FNDA:1,$s10SHT3xTestsAAC12test25DegreeyyFSfyKXEfu_
FNDA:1,$s10SHT3xTestsAAC12test25DegreeyyFSfyKXEfu0_
FNDA:1,$s10SHT3xTestsAAC12test25DegreeyyFSfyKXEfu1_
FNDA:1,$s10SHT3xTestsAAC12test25DegreeyyFSfyKXEfu2_
FNDA:1,$s10SHT3xTestsAAC11test0DegreeyyF
FNDA:1,$s10SHT3xTestsAAC11test0DegreeyyFSfyKXEfu_
FNDA:1,$s10SHT3xTestsAAC11test0DegreeyyFSfyKXEfu0_
FNDA:1,$s10SHT3xTestsAAC11test0DegreeyyFSfyKXEfu1_
FNDA:1,$s10SHT3xTestsAAC11test0DegreeyyFSfyKXEfu2_
FNF:44
FNH:43
DA:11,8
DA:12,8
DA:13,8
DA:14,8
DA:15,8
DA:16,8
DA:18,1
DA:19,1
DA:20,1
DA:21,1
DA:23,1
DA:24,1
DA:25,1
DA:26,1
DA:28,1
DA:29,1
DA:30,1
DA:31,1
DA:32,1
DA:34,1
DA:35,1
DA:36,1
DA:37,1
DA:38,1
DA:39,1
DA:40,1
DA:41,1
DA:42,1
DA:43,1
DA:46,1
DA:47,1
DA:48,1
DA:49,1
DA:50,1
DA:51,1
DA:52,1
DA:53,1
DA:54,1
DA:55,1
DA:57,1
DA:58,1
DA:59,1
DA:60,1
DA:61,1
DA:62,1
DA:63,1
DA:64,1
DA:65,1
DA:66,1
DA:67,1
DA:68,1
DA:69,1
DA:70,1
DA:71,1
DA:72,1
DA:75,1
DA:76,1
DA:77,1
DA:78,1
DA:79,1
DA:80,1
DA:81,1
DA:82,1
DA:83,1
DA:84,1
DA:86,1
DA:87,1
DA:88,1
DA:89,1
DA:90,1
DA:91,1
DA:92,1
DA:93,1
DA:94,1
DA:95,1
LF:110
LH:109
end_of_record
